Traceback (most recent call last):
  File "/aloy/home/ymartins/match_clinical_trial/ctpico_validation_workflow/modules/process_pubmed.py", line 206, in <module>
    i.run()
  File "/aloy/home/ymartins/match_clinical_trial/ctpico_validation_workflow/modules/process_pubmed.py", line 200, in run
    self._get_grouped_abstracts()
  File "/aloy/home/ymartins/match_clinical_trial/ctpico_validation_workflow/modules/process_pubmed.py", line 145, in _get_grouped_abstracts
    fetch = Entrez.efetch(db='pubmed', resetmode='text' ,id = (','.join(rids)), rettype='abstract')
  File "/aloy/home/ymartins/miniconda3/envs/matchct_env/lib/python3.10/site-packages/Bio/Entrez/__init__.py", line 201, in efetch
    return _open(request)
  File "/aloy/home/ymartins/miniconda3/envs/matchct_env/lib/python3.10/site-packages/Bio/Entrez/__init__.py", line 634, in _open
    handle = urlopen(request)
  File "/aloy/home/ymartins/miniconda3/envs/matchct_env/lib/python3.10/urllib/request.py", line 216, in urlopen
    return opener.open(url, data, timeout)
  File "/aloy/home/ymartins/miniconda3/envs/matchct_env/lib/python3.10/urllib/request.py", line 525, in open
    response = meth(req, response)
  File "/aloy/home/ymartins/miniconda3/envs/matchct_env/lib/python3.10/urllib/request.py", line 634, in http_response
    response = self.parent.error(
  File "/aloy/home/ymartins/miniconda3/envs/matchct_env/lib/python3.10/urllib/request.py", line 563, in error
    return self._call_chain(*args)
  File "/aloy/home/ymartins/miniconda3/envs/matchct_env/lib/python3.10/urllib/request.py", line 496, in _call_chain
    result = func(*args)
  File "/aloy/home/ymartins/miniconda3/envs/matchct_env/lib/python3.10/urllib/request.py", line 643, in http_error_default
    raise HTTPError(req.full_url, code, msg, hdrs, fp)
urllib.error.HTTPError: HTTP Error 400: Bad Request
