INFO:process_pubmed:----------- Process PubMed step started -----------
INFO:process_pubmed:[Process PubMed step] Task (Getting abstracts of articles associated to NCT raw info) started -----------
INFO:process_pubmed:	It will obtain 306854/430104
INFO:process_pubmed:	Retrieving and parsing chunk 0/306854
INFO:process_pubmed:	Retrieving and parsing chunk 500/306854
INFO:process_pubmed:	Retrieving and parsing chunk 1000/306854
INFO:process_pubmed:	Retrieving and parsing chunk 1500/306854
INFO:process_pubmed:	Retrieving and parsing chunk 2000/306854
INFO:process_pubmed:	Retrieving and parsing chunk 2500/306854
INFO:process_pubmed:	Retrieving and parsing chunk 3000/306854
INFO:process_pubmed:	Retrieving and parsing chunk 3500/306854
INFO:process_pubmed:	Retrieving and parsing chunk 4000/306854
INFO:process_pubmed:	Retrieving and parsing chunk 4500/306854
INFO:process_pubmed:	Retrieving and parsing chunk 5000/306854
INFO:process_pubmed:	Retrieving and parsing chunk 5500/306854
INFO:process_pubmed:	Retrieving and parsing chunk 6000/306854
INFO:process_pubmed:	Retrieving and parsing chunk 6500/306854
INFO:process_pubmed:	Retrieving and parsing chunk 7000/306854
INFO:process_pubmed:	Retrieving and parsing chunk 7500/306854
INFO:process_pubmed:	Retrieving and parsing chunk 8000/306854
INFO:process_pubmed:	Retrieving and parsing chunk 8500/306854
INFO:process_pubmed:	Retrieving and parsing chunk 9000/306854
INFO:process_pubmed:	Retrieving and parsing chunk 9500/306854
INFO:process_pubmed:	Retrieving and parsing chunk 10000/306854
INFO:process_pubmed:	Retrieving and parsing chunk 10500/306854
INFO:process_pubmed:	Retrieving and parsing chunk 11000/306854
INFO:process_pubmed:	Retrieving and parsing chunk 11500/306854
INFO:process_pubmed:	Retrieving and parsing chunk 12000/306854
INFO:process_pubmed:	Retrieving and parsing chunk 12500/306854
INFO:process_pubmed:	Retrieving and parsing chunk 13000/306854
INFO:process_pubmed:	Retrieving and parsing chunk 13500/306854
INFO:process_pubmed:	Retrieving and parsing chunk 14000/306854
INFO:process_pubmed:	Retrieving and parsing chunk 14500/306854
INFO:process_pubmed:	Retrieving and parsing chunk 15000/306854
INFO:process_pubmed:	Retrieving and parsing chunk 15500/306854
INFO:process_pubmed:	Retrieving and parsing chunk 16000/306854
INFO:process_pubmed:	Retrieving and parsing chunk 16500/306854
INFO:process_pubmed:	Retrieving and parsing chunk 17000/306854
INFO:process_pubmed:	Retrieving and parsing chunk 17500/306854
INFO:process_pubmed:	Retrieving and parsing chunk 18000/306854
INFO:process_pubmed:	Retrieving and parsing chunk 18500/306854
INFO:process_pubmed:	Retrieving and parsing chunk 19000/306854
INFO:process_pubmed:	Retrieving and parsing chunk 19500/306854
INFO:process_pubmed:	Retrieving and parsing chunk 20000/306854
INFO:process_pubmed:	Retrieving and parsing chunk 20500/306854
INFO:process_pubmed:	Retrieving and parsing chunk 21000/306854
INFO:process_pubmed:	Retrieving and parsing chunk 21500/306854
INFO:process_pubmed:	Retrieving and parsing chunk 22000/306854
INFO:process_pubmed:	Retrieving and parsing chunk 22500/306854
INFO:process_pubmed:	Retrieving and parsing chunk 23000/306854
INFO:process_pubmed:	Retrieving and parsing chunk 23500/306854
INFO:process_pubmed:	Retrieving and parsing chunk 24000/306854
INFO:process_pubmed:	Retrieving and parsing chunk 24500/306854
INFO:process_pubmed:	Retrieving and parsing chunk 25000/306854
INFO:process_pubmed:	Retrieving and parsing chunk 25500/306854
INFO:process_pubmed:	Retrieving and parsing chunk 26000/306854
INFO:process_pubmed:	Retrieving and parsing chunk 26500/306854
INFO:process_pubmed:	Retrieving and parsing chunk 27000/306854
INFO:process_pubmed:	Retrieving and parsing chunk 27500/306854
INFO:process_pubmed:	Retrieving and parsing chunk 28000/306854
INFO:process_pubmed:	Retrieving and parsing chunk 28500/306854
INFO:process_pubmed:	Retrieving and parsing chunk 29000/306854
INFO:process_pubmed:	Retrieving and parsing chunk 29500/306854
INFO:process_pubmed:	Retrieving and parsing chunk 30000/306854
INFO:process_pubmed:	Retrieving and parsing chunk 30500/306854
INFO:process_pubmed:	Retrieving and parsing chunk 31000/306854
INFO:process_pubmed:	Retrieving and parsing chunk 31500/306854
INFO:process_pubmed:	Retrieving and parsing chunk 32000/306854
INFO:process_pubmed:	Retrieving and parsing chunk 32500/306854
INFO:process_pubmed:	Retrieving and parsing chunk 33000/306854
INFO:process_pubmed:	Retrieving and parsing chunk 33500/306854
INFO:process_pubmed:	Retrieving and parsing chunk 34000/306854
INFO:process_pubmed:	Retrieving and parsing chunk 34500/306854
INFO:process_pubmed:	Retrieving and parsing chunk 35000/306854
INFO:process_pubmed:	Retrieving and parsing chunk 35500/306854
INFO:process_pubmed:	Retrieving and parsing chunk 36000/306854
INFO:process_pubmed:	Retrieving and parsing chunk 36500/306854
INFO:process_pubmed:	Retrieving and parsing chunk 37000/306854
INFO:process_pubmed:	Retrieving and parsing chunk 37500/306854
INFO:process_pubmed:	Retrieving and parsing chunk 38000/306854
INFO:process_pubmed:	Retrieving and parsing chunk 38500/306854
INFO:process_pubmed:	Retrieving and parsing chunk 39000/306854
INFO:process_pubmed:	Retrieving and parsing chunk 39500/306854
INFO:process_pubmed:	Retrieving and parsing chunk 40000/306854
INFO:process_pubmed:	Retrieving and parsing chunk 40500/306854
INFO:process_pubmed:	Retrieving and parsing chunk 41000/306854
INFO:process_pubmed:	Retrieving and parsing chunk 41500/306854
INFO:process_pubmed:	Retrieving and parsing chunk 42000/306854
INFO:process_pubmed:	Retrieving and parsing chunk 42500/306854
INFO:process_pubmed:	Retrieving and parsing chunk 43000/306854
INFO:process_pubmed:	Retrieving and parsing chunk 43500/306854
INFO:process_pubmed:	Retrieving and parsing chunk 44000/306854
INFO:process_pubmed:	Retrieving and parsing chunk 44500/306854
INFO:process_pubmed:	Retrieving and parsing chunk 45000/306854
INFO:process_pubmed:	Retrieving and parsing chunk 45500/306854
INFO:process_pubmed:	Retrieving and parsing chunk 46000/306854
INFO:process_pubmed:	Retrieving and parsing chunk 46500/306854
INFO:process_pubmed:	Retrieving and parsing chunk 47000/306854
INFO:process_pubmed:	Retrieving and parsing chunk 47500/306854
INFO:process_pubmed:	Retrieving and parsing chunk 48000/306854
INFO:process_pubmed:	Retrieving and parsing chunk 48500/306854
INFO:process_pubmed:	Retrieving and parsing chunk 49000/306854
INFO:process_pubmed:	Retrieving and parsing chunk 49500/306854
INFO:process_pubmed:	Retrieving and parsing chunk 50000/306854
INFO:process_pubmed:	Retrieving and parsing chunk 50500/306854
INFO:process_pubmed:	Retrieving and parsing chunk 51000/306854
INFO:process_pubmed:	Retrieving and parsing chunk 51500/306854
INFO:process_pubmed:	Retrieving and parsing chunk 52000/306854
INFO:process_pubmed:	Retrieving and parsing chunk 52500/306854
INFO:process_pubmed:	Retrieving and parsing chunk 53000/306854
INFO:process_pubmed:	Retrieving and parsing chunk 53500/306854
INFO:process_pubmed:	Retrieving and parsing chunk 54000/306854
INFO:process_pubmed:	Retrieving and parsing chunk 54500/306854
INFO:process_pubmed:	Retrieving and parsing chunk 55000/306854
INFO:process_pubmed:	Retrieving and parsing chunk 55500/306854
INFO:process_pubmed:	Retrieving and parsing chunk 56000/306854
INFO:process_pubmed:	Retrieving and parsing chunk 56500/306854
INFO:process_pubmed:	Retrieving and parsing chunk 57000/306854
INFO:process_pubmed:	Retrieving and parsing chunk 57500/306854
INFO:process_pubmed:	Retrieving and parsing chunk 58000/306854
INFO:process_pubmed:	Retrieving and parsing chunk 58500/306854
INFO:process_pubmed:	Retrieving and parsing chunk 59000/306854
INFO:process_pubmed:	Retrieving and parsing chunk 59500/306854
INFO:process_pubmed:	Retrieving and parsing chunk 60000/306854
INFO:process_pubmed:	Retrieving and parsing chunk 60500/306854
INFO:process_pubmed:	Retrieving and parsing chunk 61000/306854
INFO:process_pubmed:	Retrieving and parsing chunk 61500/306854
INFO:process_pubmed:	Retrieving and parsing chunk 62000/306854
INFO:process_pubmed:	Retrieving and parsing chunk 62500/306854
INFO:process_pubmed:	Retrieving and parsing chunk 63000/306854
INFO:process_pubmed:	Retrieving and parsing chunk 63500/306854
INFO:process_pubmed:	Retrieving and parsing chunk 64000/306854
INFO:process_pubmed:	Retrieving and parsing chunk 64500/306854
INFO:process_pubmed:	Retrieving and parsing chunk 65000/306854
INFO:process_pubmed:	Retrieving and parsing chunk 65500/306854
INFO:process_pubmed:	Retrieving and parsing chunk 66000/306854
INFO:process_pubmed:	Retrieving and parsing chunk 66500/306854
INFO:process_pubmed:	Retrieving and parsing chunk 67000/306854
INFO:process_pubmed:	Retrieving and parsing chunk 67500/306854
INFO:process_pubmed:	Retrieving and parsing chunk 68000/306854
INFO:process_pubmed:	Retrieving and parsing chunk 68500/306854
INFO:process_pubmed:	Retrieving and parsing chunk 69000/306854
INFO:process_pubmed:	Retrieving and parsing chunk 69500/306854
INFO:process_pubmed:	Retrieving and parsing chunk 70000/306854
INFO:process_pubmed:	Retrieving and parsing chunk 70500/306854
INFO:process_pubmed:	Retrieving and parsing chunk 71000/306854
INFO:process_pubmed:	Retrieving and parsing chunk 71500/306854
INFO:process_pubmed:	Retrieving and parsing chunk 72000/306854
INFO:process_pubmed:	Retrieving and parsing chunk 72500/306854
INFO:process_pubmed:	Retrieving and parsing chunk 73000/306854
INFO:process_pubmed:	Retrieving and parsing chunk 73500/306854
INFO:process_pubmed:	Retrieving and parsing chunk 74000/306854
INFO:process_pubmed:	Retrieving and parsing chunk 74500/306854
INFO:process_pubmed:	Retrieving and parsing chunk 75000/306854
INFO:process_pubmed:	Retrieving and parsing chunk 75500/306854
INFO:process_pubmed:	Retrieving and parsing chunk 76000/306854
INFO:process_pubmed:	Retrieving and parsing chunk 76500/306854
INFO:process_pubmed:	Retrieving and parsing chunk 77000/306854
INFO:process_pubmed:	Retrieving and parsing chunk 77500/306854
INFO:process_pubmed:	Retrieving and parsing chunk 78000/306854
INFO:process_pubmed:	Retrieving and parsing chunk 78500/306854
INFO:process_pubmed:	Retrieving and parsing chunk 79000/306854
INFO:process_pubmed:	Retrieving and parsing chunk 79500/306854
INFO:process_pubmed:	Retrieving and parsing chunk 80000/306854
INFO:process_pubmed:	Retrieving and parsing chunk 80500/306854
INFO:process_pubmed:	Retrieving and parsing chunk 81000/306854
INFO:process_pubmed:	Retrieving and parsing chunk 81500/306854
INFO:process_pubmed:	Retrieving and parsing chunk 82000/306854
INFO:process_pubmed:	Retrieving and parsing chunk 82500/306854
INFO:process_pubmed:	Retrieving and parsing chunk 83000/306854
INFO:process_pubmed:	Retrieving and parsing chunk 83500/306854
INFO:process_pubmed:	Retrieving and parsing chunk 84000/306854
INFO:process_pubmed:	Retrieving and parsing chunk 84500/306854
INFO:process_pubmed:	Retrieving and parsing chunk 85000/306854
INFO:process_pubmed:	Retrieving and parsing chunk 85500/306854
INFO:process_pubmed:	Retrieving and parsing chunk 86000/306854
INFO:process_pubmed:	Retrieving and parsing chunk 86500/306854
INFO:process_pubmed:	Retrieving and parsing chunk 87000/306854
INFO:process_pubmed:	Retrieving and parsing chunk 87500/306854
INFO:process_pubmed:	Retrieving and parsing chunk 88000/306854
INFO:process_pubmed:	Retrieving and parsing chunk 88500/306854
INFO:process_pubmed:	Retrieving and parsing chunk 89000/306854
INFO:process_pubmed:	Retrieving and parsing chunk 89500/306854
INFO:process_pubmed:	Retrieving and parsing chunk 90000/306854
INFO:process_pubmed:	Retrieving and parsing chunk 90500/306854
INFO:process_pubmed:	Retrieving and parsing chunk 91000/306854
INFO:process_pubmed:	Retrieving and parsing chunk 91500/306854
INFO:process_pubmed:	Retrieving and parsing chunk 92000/306854
INFO:process_pubmed:	Retrieving and parsing chunk 92500/306854
INFO:process_pubmed:	Retrieving and parsing chunk 93000/306854
INFO:process_pubmed:	Retrieving and parsing chunk 93500/306854
INFO:process_pubmed:	Retrieving and parsing chunk 94000/306854
INFO:process_pubmed:	Retrieving and parsing chunk 94500/306854
INFO:process_pubmed:	Retrieving and parsing chunk 95000/306854
INFO:process_pubmed:	Retrieving and parsing chunk 95500/306854
INFO:process_pubmed:	Retrieving and parsing chunk 96000/306854
INFO:process_pubmed:	Retrieving and parsing chunk 96500/306854
INFO:process_pubmed:	Retrieving and parsing chunk 97000/306854
INFO:process_pubmed:	Retrieving and parsing chunk 97500/306854
INFO:process_pubmed:	Retrieving and parsing chunk 98000/306854
INFO:process_pubmed:	Retrieving and parsing chunk 98500/306854
INFO:process_pubmed:	Retrieving and parsing chunk 99000/306854
INFO:process_pubmed:	Retrieving and parsing chunk 99500/306854
INFO:process_pubmed:	Retrieving and parsing chunk 100000/306854
INFO:process_pubmed:	Retrieving and parsing chunk 100500/306854
INFO:process_pubmed:	Retrieving and parsing chunk 101000/306854
INFO:process_pubmed:	Retrieving and parsing chunk 101500/306854
INFO:process_pubmed:	Retrieving and parsing chunk 102000/306854
INFO:process_pubmed:	Retrieving and parsing chunk 102500/306854
INFO:process_pubmed:	Retrieving and parsing chunk 103000/306854
INFO:process_pubmed:	Retrieving and parsing chunk 103500/306854
INFO:process_pubmed:	Retrieving and parsing chunk 104000/306854
INFO:process_pubmed:	Retrieving and parsing chunk 104500/306854
INFO:process_pubmed:	Retrieving and parsing chunk 105000/306854
INFO:process_pubmed:	Retrieving and parsing chunk 105500/306854
INFO:process_pubmed:	Retrieving and parsing chunk 106000/306854
INFO:process_pubmed:	Retrieving and parsing chunk 106500/306854
INFO:process_pubmed:	Retrieving and parsing chunk 107000/306854
INFO:process_pubmed:	Retrieving and parsing chunk 107500/306854
INFO:process_pubmed:	Retrieving and parsing chunk 108000/306854
INFO:process_pubmed:	Retrieving and parsing chunk 108500/306854
INFO:process_pubmed:	Retrieving and parsing chunk 109000/306854
INFO:process_pubmed:	Retrieving and parsing chunk 109500/306854
INFO:process_pubmed:	Retrieving and parsing chunk 110000/306854
INFO:process_pubmed:	Retrieving and parsing chunk 110500/306854
INFO:process_pubmed:	Retrieving and parsing chunk 111000/306854
INFO:process_pubmed:	Retrieving and parsing chunk 111500/306854
INFO:process_pubmed:	Retrieving and parsing chunk 112000/306854
INFO:process_pubmed:	Retrieving and parsing chunk 112500/306854
INFO:process_pubmed:	Retrieving and parsing chunk 113000/306854
INFO:process_pubmed:	Retrieving and parsing chunk 113500/306854
INFO:process_pubmed:	Retrieving and parsing chunk 114000/306854
INFO:process_pubmed:	Retrieving and parsing chunk 114500/306854
INFO:process_pubmed:	Retrieving and parsing chunk 115000/306854
INFO:process_pubmed:	Retrieving and parsing chunk 115500/306854
INFO:process_pubmed:	Retrieving and parsing chunk 116000/306854
INFO:process_pubmed:	Retrieving and parsing chunk 116500/306854
INFO:process_pubmed:	Retrieving and parsing chunk 117000/306854
INFO:process_pubmed:	Retrieving and parsing chunk 117500/306854
INFO:process_pubmed:	Retrieving and parsing chunk 118000/306854
INFO:process_pubmed:	Retrieving and parsing chunk 118500/306854
INFO:process_pubmed:	Retrieving and parsing chunk 119000/306854
INFO:process_pubmed:	Retrieving and parsing chunk 119500/306854
INFO:process_pubmed:	Retrieving and parsing chunk 120000/306854
INFO:process_pubmed:	Retrieving and parsing chunk 120500/306854
INFO:process_pubmed:	Retrieving and parsing chunk 121000/306854
INFO:process_pubmed:	Retrieving and parsing chunk 121500/306854
INFO:process_pubmed:	Retrieving and parsing chunk 122000/306854
INFO:process_pubmed:	Retrieving and parsing chunk 122500/306854
INFO:process_pubmed:	Retrieving and parsing chunk 123000/306854
INFO:process_pubmed:	Retrieving and parsing chunk 123500/306854
INFO:process_pubmed:	Retrieving and parsing chunk 124000/306854
INFO:process_pubmed:	Retrieving and parsing chunk 124500/306854
INFO:process_pubmed:	Retrieving and parsing chunk 125000/306854
INFO:process_pubmed:	Retrieving and parsing chunk 125500/306854
INFO:process_pubmed:	Retrieving and parsing chunk 126000/306854
INFO:process_pubmed:	Retrieving and parsing chunk 126500/306854
INFO:process_pubmed:	Retrieving and parsing chunk 127000/306854
INFO:process_pubmed:	Retrieving and parsing chunk 127500/306854
INFO:process_pubmed:	Retrieving and parsing chunk 128000/306854
INFO:process_pubmed:	Retrieving and parsing chunk 128500/306854
INFO:process_pubmed:	Retrieving and parsing chunk 129000/306854
INFO:process_pubmed:	Retrieving and parsing chunk 129500/306854
INFO:process_pubmed:	Retrieving and parsing chunk 130000/306854
INFO:process_pubmed:	Retrieving and parsing chunk 130500/306854
INFO:process_pubmed:	Retrieving and parsing chunk 131000/306854
INFO:process_pubmed:	Retrieving and parsing chunk 131500/306854
INFO:process_pubmed:	Retrieving and parsing chunk 132000/306854
INFO:process_pubmed:	Retrieving and parsing chunk 132500/306854
INFO:process_pubmed:	Retrieving and parsing chunk 133000/306854
INFO:process_pubmed:	Retrieving and parsing chunk 133500/306854
INFO:process_pubmed:	Retrieving and parsing chunk 134000/306854
INFO:process_pubmed:	Retrieving and parsing chunk 134500/306854
INFO:process_pubmed:	Retrieving and parsing chunk 135000/306854
INFO:process_pubmed:	Retrieving and parsing chunk 135500/306854
INFO:process_pubmed:	Retrieving and parsing chunk 136000/306854
INFO:process_pubmed:	Retrieving and parsing chunk 136500/306854
INFO:process_pubmed:	Retrieving and parsing chunk 137000/306854
INFO:process_pubmed:	Retrieving and parsing chunk 137500/306854
INFO:process_pubmed:	Retrieving and parsing chunk 138000/306854
INFO:process_pubmed:	Retrieving and parsing chunk 138500/306854
INFO:process_pubmed:	Retrieving and parsing chunk 139000/306854
INFO:process_pubmed:	Retrieving and parsing chunk 139500/306854
INFO:process_pubmed:	Retrieving and parsing chunk 140000/306854
INFO:process_pubmed:	Retrieving and parsing chunk 140500/306854
INFO:process_pubmed:	Retrieving and parsing chunk 141000/306854
INFO:process_pubmed:	Retrieving and parsing chunk 141500/306854
INFO:process_pubmed:	Retrieving and parsing chunk 142000/306854
INFO:process_pubmed:	Retrieving and parsing chunk 142500/306854
INFO:process_pubmed:	Retrieving and parsing chunk 143000/306854
INFO:process_pubmed:	Retrieving and parsing chunk 143500/306854
INFO:process_pubmed:	Retrieving and parsing chunk 144000/306854
INFO:process_pubmed:	Retrieving and parsing chunk 144500/306854
INFO:process_pubmed:	Retrieving and parsing chunk 145000/306854
INFO:process_pubmed:	Retrieving and parsing chunk 145500/306854
INFO:process_pubmed:	Retrieving and parsing chunk 146000/306854
INFO:process_pubmed:	Retrieving and parsing chunk 146500/306854
INFO:process_pubmed:	Retrieving and parsing chunk 147000/306854
INFO:process_pubmed:	Retrieving and parsing chunk 147500/306854
INFO:process_pubmed:	Retrieving and parsing chunk 148000/306854
INFO:process_pubmed:	Retrieving and parsing chunk 148500/306854
INFO:process_pubmed:	Retrieving and parsing chunk 149000/306854
INFO:process_pubmed:	Retrieving and parsing chunk 149500/306854
INFO:process_pubmed:	Retrieving and parsing chunk 150000/306854
INFO:process_pubmed:	Retrieving and parsing chunk 150500/306854
INFO:process_pubmed:	Retrieving and parsing chunk 151000/306854
INFO:process_pubmed:	Retrieving and parsing chunk 151500/306854
INFO:process_pubmed:	Retrieving and parsing chunk 152000/306854
INFO:process_pubmed:	Retrieving and parsing chunk 152500/306854
INFO:process_pubmed:	Retrieving and parsing chunk 153000/306854
INFO:process_pubmed:	Retrieving and parsing chunk 153500/306854
INFO:process_pubmed:	Retrieving and parsing chunk 154000/306854
INFO:process_pubmed:	Retrieving and parsing chunk 154500/306854
INFO:process_pubmed:	Retrieving and parsing chunk 155000/306854
INFO:process_pubmed:	Retrieving and parsing chunk 155500/306854
INFO:process_pubmed:	Retrieving and parsing chunk 156000/306854
INFO:process_pubmed:	Retrieving and parsing chunk 156500/306854
INFO:process_pubmed:	Retrieving and parsing chunk 157000/306854
INFO:process_pubmed:	Retrieving and parsing chunk 157500/306854
INFO:process_pubmed:	Retrieving and parsing chunk 158000/306854
INFO:process_pubmed:	Retrieving and parsing chunk 158500/306854
INFO:process_pubmed:	Retrieving and parsing chunk 159000/306854
INFO:process_pubmed:	Retrieving and parsing chunk 159500/306854
INFO:process_pubmed:	Retrieving and parsing chunk 160000/306854
INFO:process_pubmed:	Retrieving and parsing chunk 160500/306854
INFO:process_pubmed:	Retrieving and parsing chunk 161000/306854
INFO:process_pubmed:	Retrieving and parsing chunk 161500/306854
INFO:process_pubmed:	Retrieving and parsing chunk 162000/306854
INFO:process_pubmed:	Retrieving and parsing chunk 162500/306854
INFO:process_pubmed:	Retrieving and parsing chunk 163000/306854
INFO:process_pubmed:	Retrieving and parsing chunk 163500/306854
INFO:process_pubmed:	Retrieving and parsing chunk 164000/306854
INFO:process_pubmed:	Retrieving and parsing chunk 164500/306854
INFO:process_pubmed:	Retrieving and parsing chunk 165000/306854
INFO:process_pubmed:	Retrieving and parsing chunk 165500/306854
INFO:process_pubmed:	Retrieving and parsing chunk 166000/306854
INFO:process_pubmed:	Retrieving and parsing chunk 166500/306854
INFO:process_pubmed:	Retrieving and parsing chunk 167000/306854
INFO:process_pubmed:	Retrieving and parsing chunk 167500/306854
INFO:process_pubmed:	Retrieving and parsing chunk 168000/306854
INFO:process_pubmed:	Retrieving and parsing chunk 168500/306854
INFO:process_pubmed:	Retrieving and parsing chunk 169000/306854
INFO:process_pubmed:	Retrieving and parsing chunk 169500/306854
INFO:process_pubmed:	Retrieving and parsing chunk 170000/306854
INFO:process_pubmed:	Retrieving and parsing chunk 170500/306854
INFO:process_pubmed:	Retrieving and parsing chunk 171000/306854
INFO:process_pubmed:	Retrieving and parsing chunk 171500/306854
INFO:process_pubmed:	Retrieving and parsing chunk 172000/306854
INFO:process_pubmed:	Retrieving and parsing chunk 172500/306854
INFO:process_pubmed:	Retrieving and parsing chunk 173000/306854
INFO:process_pubmed:	Retrieving and parsing chunk 173500/306854
INFO:process_pubmed:	Retrieving and parsing chunk 174000/306854
INFO:process_pubmed:	Retrieving and parsing chunk 174500/306854
INFO:process_pubmed:	Retrieving and parsing chunk 175000/306854
INFO:process_pubmed:	Retrieving and parsing chunk 175500/306854
INFO:process_pubmed:	Retrieving and parsing chunk 176000/306854
INFO:process_pubmed:	Retrieving and parsing chunk 176500/306854
INFO:process_pubmed:	Retrieving and parsing chunk 177000/306854
INFO:process_pubmed:	Retrieving and parsing chunk 177500/306854
INFO:process_pubmed:	Retrieving and parsing chunk 178000/306854
INFO:process_pubmed:	Retrieving and parsing chunk 178500/306854
INFO:process_pubmed:	Retrieving and parsing chunk 179000/306854
INFO:process_pubmed:	Retrieving and parsing chunk 179500/306854
INFO:process_pubmed:	Retrieving and parsing chunk 180000/306854
INFO:process_pubmed:	Retrieving and parsing chunk 180500/306854
INFO:process_pubmed:	Retrieving and parsing chunk 181000/306854
INFO:process_pubmed:	Retrieving and parsing chunk 181500/306854
INFO:process_pubmed:	Retrieving and parsing chunk 182000/306854
INFO:process_pubmed:	Retrieving and parsing chunk 182500/306854
INFO:process_pubmed:	Retrieving and parsing chunk 183000/306854
INFO:process_pubmed:	Retrieving and parsing chunk 183500/306854
INFO:process_pubmed:	Retrieving and parsing chunk 184000/306854
INFO:process_pubmed:	Retrieving and parsing chunk 184500/306854
INFO:process_pubmed:	Retrieving and parsing chunk 185000/306854
INFO:process_pubmed:	Retrieving and parsing chunk 185500/306854
INFO:process_pubmed:	Retrieving and parsing chunk 186000/306854
INFO:process_pubmed:	Retrieving and parsing chunk 186500/306854
INFO:process_pubmed:	Retrieving and parsing chunk 187000/306854
INFO:process_pubmed:	Retrieving and parsing chunk 187500/306854
INFO:process_pubmed:	Retrieving and parsing chunk 188000/306854
INFO:process_pubmed:	Retrieving and parsing chunk 188500/306854
INFO:process_pubmed:	Retrieving and parsing chunk 189000/306854
INFO:process_pubmed:	Retrieving and parsing chunk 189500/306854
INFO:process_pubmed:	Retrieving and parsing chunk 190000/306854
INFO:process_pubmed:	Retrieving and parsing chunk 190500/306854
INFO:process_pubmed:	Retrieving and parsing chunk 191000/306854
INFO:process_pubmed:	Retrieving and parsing chunk 191500/306854
INFO:process_pubmed:	Retrieving and parsing chunk 192000/306854
INFO:process_pubmed:	Retrieving and parsing chunk 192500/306854
INFO:process_pubmed:	Retrieving and parsing chunk 193000/306854
INFO:process_pubmed:	Retrieving and parsing chunk 193500/306854
INFO:process_pubmed:	Retrieving and parsing chunk 194000/306854
INFO:process_pubmed:	Retrieving and parsing chunk 194500/306854
INFO:process_pubmed:	Retrieving and parsing chunk 195000/306854
INFO:process_pubmed:	Retrieving and parsing chunk 195500/306854
INFO:process_pubmed:	Retrieving and parsing chunk 196000/306854
INFO:process_pubmed:	Retrieving and parsing chunk 196500/306854
INFO:process_pubmed:	Retrieving and parsing chunk 197000/306854
INFO:process_pubmed:	Retrieving and parsing chunk 197500/306854
INFO:process_pubmed:	Retrieving and parsing chunk 198000/306854
INFO:process_pubmed:	Retrieving and parsing chunk 198500/306854
INFO:process_pubmed:	Retrieving and parsing chunk 199000/306854
INFO:process_pubmed:	Retrieving and parsing chunk 199500/306854
INFO:process_pubmed:	Retrieving and parsing chunk 200000/306854
INFO:process_pubmed:	Retrieving and parsing chunk 200500/306854
INFO:process_pubmed:	Retrieving and parsing chunk 201000/306854
INFO:process_pubmed:	Retrieving and parsing chunk 201500/306854
INFO:process_pubmed:	Retrieving and parsing chunk 202000/306854
INFO:process_pubmed:	Retrieving and parsing chunk 202500/306854
INFO:process_pubmed:	Retrieving and parsing chunk 203000/306854
INFO:process_pubmed:	Retrieving and parsing chunk 203500/306854
INFO:process_pubmed:	Retrieving and parsing chunk 204000/306854
INFO:process_pubmed:	Retrieving and parsing chunk 204500/306854
INFO:process_pubmed:	Retrieving and parsing chunk 205000/306854
INFO:process_pubmed:	Retrieving and parsing chunk 205500/306854
INFO:process_pubmed:	Retrieving and parsing chunk 206000/306854
INFO:process_pubmed:	Retrieving and parsing chunk 206500/306854
INFO:process_pubmed:	Retrieving and parsing chunk 207000/306854
INFO:process_pubmed:	Retrieving and parsing chunk 207500/306854
INFO:process_pubmed:	Retrieving and parsing chunk 208000/306854
INFO:process_pubmed:	Retrieving and parsing chunk 208500/306854
INFO:process_pubmed:	Retrieving and parsing chunk 209000/306854
INFO:process_pubmed:	Retrieving and parsing chunk 209500/306854
INFO:process_pubmed:	Retrieving and parsing chunk 210000/306854
INFO:process_pubmed:	Retrieving and parsing chunk 210500/306854
INFO:process_pubmed:	Retrieving and parsing chunk 211000/306854
INFO:process_pubmed:	Retrieving and parsing chunk 211500/306854
INFO:process_pubmed:	Retrieving and parsing chunk 212000/306854
INFO:process_pubmed:	Retrieving and parsing chunk 212500/306854
INFO:process_pubmed:	Retrieving and parsing chunk 213000/306854
INFO:process_pubmed:	Retrieving and parsing chunk 213500/306854
INFO:process_pubmed:	Retrieving and parsing chunk 214000/306854
INFO:process_pubmed:	Retrieving and parsing chunk 214500/306854
INFO:process_pubmed:	Retrieving and parsing chunk 215000/306854
INFO:process_pubmed:	Retrieving and parsing chunk 215500/306854
INFO:process_pubmed:	Retrieving and parsing chunk 216000/306854
INFO:process_pubmed:	Retrieving and parsing chunk 216500/306854
INFO:process_pubmed:	Retrieving and parsing chunk 217000/306854
INFO:process_pubmed:	Retrieving and parsing chunk 217500/306854
INFO:process_pubmed:	Retrieving and parsing chunk 218000/306854
INFO:process_pubmed:	Retrieving and parsing chunk 218500/306854
INFO:process_pubmed:	Retrieving and parsing chunk 219000/306854
INFO:process_pubmed:	Retrieving and parsing chunk 219500/306854
INFO:process_pubmed:	Retrieving and parsing chunk 220000/306854
INFO:process_pubmed:	Retrieving and parsing chunk 220500/306854
INFO:process_pubmed:	Retrieving and parsing chunk 221000/306854
INFO:process_pubmed:	Retrieving and parsing chunk 221500/306854
INFO:process_pubmed:	Retrieving and parsing chunk 222000/306854
INFO:process_pubmed:	Retrieving and parsing chunk 222500/306854
INFO:process_pubmed:	Retrieving and parsing chunk 223000/306854
INFO:process_pubmed:	Retrieving and parsing chunk 223500/306854
INFO:process_pubmed:	Retrieving and parsing chunk 224000/306854
INFO:process_pubmed:	Retrieving and parsing chunk 224500/306854
INFO:process_pubmed:	Retrieving and parsing chunk 225000/306854
INFO:process_pubmed:	Retrieving and parsing chunk 225500/306854
INFO:process_pubmed:	Retrieving and parsing chunk 226000/306854
INFO:process_pubmed:	Retrieving and parsing chunk 226500/306854
INFO:process_pubmed:	Retrieving and parsing chunk 227000/306854
INFO:process_pubmed:	Retrieving and parsing chunk 227500/306854
INFO:process_pubmed:	Retrieving and parsing chunk 228000/306854
INFO:process_pubmed:	Retrieving and parsing chunk 228500/306854
INFO:process_pubmed:	Retrieving and parsing chunk 229000/306854
INFO:process_pubmed:	Retrieving and parsing chunk 229500/306854
INFO:process_pubmed:	Retrieving and parsing chunk 230000/306854
INFO:process_pubmed:	Retrieving and parsing chunk 230500/306854
INFO:process_pubmed:	Retrieving and parsing chunk 231000/306854
INFO:process_pubmed:	Retrieving and parsing chunk 231500/306854
INFO:process_pubmed:	Retrieving and parsing chunk 232000/306854
INFO:process_pubmed:	Retrieving and parsing chunk 232500/306854
INFO:process_pubmed:	Retrieving and parsing chunk 233000/306854
INFO:process_pubmed:	Retrieving and parsing chunk 233500/306854
INFO:process_pubmed:	Retrieving and parsing chunk 234000/306854
INFO:process_pubmed:	Retrieving and parsing chunk 234500/306854
INFO:process_pubmed:	Retrieving and parsing chunk 235000/306854
INFO:process_pubmed:	Retrieving and parsing chunk 235500/306854
INFO:process_pubmed:	Retrieving and parsing chunk 236000/306854
INFO:process_pubmed:	Retrieving and parsing chunk 236500/306854
INFO:process_pubmed:	Retrieving and parsing chunk 237000/306854
INFO:process_pubmed:	Retrieving and parsing chunk 237500/306854
INFO:process_pubmed:	Retrieving and parsing chunk 238000/306854
INFO:process_pubmed:	Retrieving and parsing chunk 238500/306854
INFO:process_pubmed:	Retrieving and parsing chunk 239000/306854
INFO:process_pubmed:	Retrieving and parsing chunk 239500/306854
INFO:process_pubmed:	Retrieving and parsing chunk 240000/306854
INFO:process_pubmed:	Retrieving and parsing chunk 240500/306854
INFO:process_pubmed:	Retrieving and parsing chunk 241000/306854
INFO:process_pubmed:	Retrieving and parsing chunk 241500/306854
INFO:process_pubmed:	Retrieving and parsing chunk 242000/306854
INFO:process_pubmed:	Retrieving and parsing chunk 242500/306854
INFO:process_pubmed:	Retrieving and parsing chunk 243000/306854
INFO:process_pubmed:	Retrieving and parsing chunk 243500/306854
INFO:process_pubmed:	Retrieving and parsing chunk 244000/306854
INFO:process_pubmed:	Retrieving and parsing chunk 244500/306854
INFO:process_pubmed:	Retrieving and parsing chunk 245000/306854
INFO:process_pubmed:	Retrieving and parsing chunk 245500/306854
INFO:process_pubmed:	Retrieving and parsing chunk 246000/306854
INFO:process_pubmed:	Retrieving and parsing chunk 246500/306854
INFO:process_pubmed:	Retrieving and parsing chunk 247000/306854
INFO:process_pubmed:	Retrieving and parsing chunk 247500/306854
INFO:process_pubmed:	Retrieving and parsing chunk 248000/306854
INFO:process_pubmed:	Retrieving and parsing chunk 248500/306854
INFO:process_pubmed:	Retrieving and parsing chunk 249000/306854
INFO:process_pubmed:	Retrieving and parsing chunk 249500/306854
INFO:process_pubmed:	Retrieving and parsing chunk 250000/306854
INFO:process_pubmed:	Retrieving and parsing chunk 250500/306854
INFO:process_pubmed:	Retrieving and parsing chunk 251000/306854
INFO:process_pubmed:	Retrieving and parsing chunk 251500/306854
INFO:process_pubmed:	Retrieving and parsing chunk 252000/306854
INFO:process_pubmed:	Retrieving and parsing chunk 252500/306854
INFO:process_pubmed:	Retrieving and parsing chunk 253000/306854
INFO:process_pubmed:	Retrieving and parsing chunk 253500/306854
INFO:process_pubmed:	Retrieving and parsing chunk 254000/306854
INFO:process_pubmed:	Retrieving and parsing chunk 254500/306854
INFO:process_pubmed:	Retrieving and parsing chunk 255000/306854
INFO:process_pubmed:	Retrieving and parsing chunk 255500/306854
INFO:process_pubmed:	Retrieving and parsing chunk 256000/306854
INFO:process_pubmed:	Retrieving and parsing chunk 256500/306854
INFO:process_pubmed:	Retrieving and parsing chunk 257000/306854
INFO:process_pubmed:	Retrieving and parsing chunk 257500/306854
INFO:process_pubmed:	Retrieving and parsing chunk 258000/306854
INFO:process_pubmed:	Retrieving and parsing chunk 258500/306854
INFO:process_pubmed:	Retrieving and parsing chunk 259000/306854
INFO:process_pubmed:	Retrieving and parsing chunk 259500/306854
INFO:process_pubmed:	Retrieving and parsing chunk 260000/306854
INFO:process_pubmed:	Retrieving and parsing chunk 260500/306854
INFO:process_pubmed:	Retrieving and parsing chunk 261000/306854
INFO:process_pubmed:	Retrieving and parsing chunk 261500/306854
INFO:process_pubmed:	Retrieving and parsing chunk 262000/306854
INFO:process_pubmed:	Retrieving and parsing chunk 262500/306854
INFO:process_pubmed:	Retrieving and parsing chunk 263000/306854
INFO:process_pubmed:	Retrieving and parsing chunk 263500/306854
INFO:process_pubmed:	Retrieving and parsing chunk 264000/306854
INFO:process_pubmed:	Retrieving and parsing chunk 264500/306854
INFO:process_pubmed:	Retrieving and parsing chunk 265000/306854
INFO:process_pubmed:	Retrieving and parsing chunk 265500/306854
INFO:process_pubmed:	Retrieving and parsing chunk 266000/306854
INFO:process_pubmed:	Retrieving and parsing chunk 266500/306854
INFO:process_pubmed:	Retrieving and parsing chunk 267000/306854
INFO:process_pubmed:	Retrieving and parsing chunk 267500/306854
INFO:process_pubmed:	Retrieving and parsing chunk 268000/306854
INFO:process_pubmed:	Retrieving and parsing chunk 268500/306854
INFO:process_pubmed:	Retrieving and parsing chunk 269000/306854
INFO:process_pubmed:	Retrieving and parsing chunk 269500/306854
INFO:process_pubmed:	Retrieving and parsing chunk 270000/306854
INFO:process_pubmed:	Retrieving and parsing chunk 270500/306854
INFO:process_pubmed:	Retrieving and parsing chunk 271000/306854
INFO:process_pubmed:	Retrieving and parsing chunk 271500/306854
INFO:process_pubmed:	Retrieving and parsing chunk 272000/306854
INFO:process_pubmed:	Retrieving and parsing chunk 272500/306854
INFO:process_pubmed:	Retrieving and parsing chunk 273000/306854
INFO:process_pubmed:	Retrieving and parsing chunk 273500/306854
INFO:process_pubmed:	Retrieving and parsing chunk 274000/306854
INFO:process_pubmed:	Retrieving and parsing chunk 274500/306854
INFO:process_pubmed:	Retrieving and parsing chunk 275000/306854
INFO:process_pubmed:	Retrieving and parsing chunk 275500/306854
INFO:process_pubmed:	Retrieving and parsing chunk 276000/306854
INFO:process_pubmed:	Retrieving and parsing chunk 276500/306854
INFO:process_pubmed:	Retrieving and parsing chunk 277000/306854
INFO:process_pubmed:	Retrieving and parsing chunk 277500/306854
INFO:process_pubmed:	Retrieving and parsing chunk 278000/306854
INFO:process_pubmed:	Retrieving and parsing chunk 278500/306854
INFO:process_pubmed:	Retrieving and parsing chunk 279000/306854
INFO:process_pubmed:	Retrieving and parsing chunk 279500/306854
INFO:process_pubmed:	Retrieving and parsing chunk 280000/306854
INFO:process_pubmed:	Retrieving and parsing chunk 280500/306854
INFO:process_pubmed:	Retrieving and parsing chunk 281000/306854
INFO:process_pubmed:	Retrieving and parsing chunk 281500/306854
INFO:process_pubmed:	Retrieving and parsing chunk 282000/306854
INFO:process_pubmed:	Retrieving and parsing chunk 282500/306854
INFO:process_pubmed:	Retrieving and parsing chunk 283000/306854
INFO:process_pubmed:	Retrieving and parsing chunk 283500/306854
INFO:process_pubmed:	Retrieving and parsing chunk 284000/306854
INFO:process_pubmed:	Retrieving and parsing chunk 284500/306854
INFO:process_pubmed:	Retrieving and parsing chunk 285000/306854
INFO:process_pubmed:	Retrieving and parsing chunk 285500/306854
INFO:process_pubmed:	Retrieving and parsing chunk 286000/306854
INFO:process_pubmed:	Retrieving and parsing chunk 286500/306854
INFO:process_pubmed:	Retrieving and parsing chunk 287000/306854
INFO:process_pubmed:	Retrieving and parsing chunk 287500/306854
INFO:process_pubmed:	Retrieving and parsing chunk 288000/306854
INFO:process_pubmed:	Retrieving and parsing chunk 288500/306854
INFO:process_pubmed:	Retrieving and parsing chunk 289000/306854
INFO:process_pubmed:	Retrieving and parsing chunk 289500/306854
INFO:process_pubmed:	Retrieving and parsing chunk 290000/306854
INFO:process_pubmed:	Retrieving and parsing chunk 290500/306854
INFO:process_pubmed:	Retrieving and parsing chunk 291000/306854
INFO:process_pubmed:	Retrieving and parsing chunk 291500/306854
INFO:process_pubmed:	Retrieving and parsing chunk 292000/306854
INFO:process_pubmed:	Retrieving and parsing chunk 292500/306854
INFO:process_pubmed:	Retrieving and parsing chunk 293000/306854
INFO:process_pubmed:	Retrieving and parsing chunk 293500/306854
INFO:process_pubmed:	Retrieving and parsing chunk 294000/306854
INFO:process_pubmed:	Retrieving and parsing chunk 294500/306854
INFO:process_pubmed:	Retrieving and parsing chunk 295000/306854
INFO:process_pubmed:	Retrieving and parsing chunk 295500/306854
INFO:process_pubmed:	Retrieving and parsing chunk 296000/306854
INFO:process_pubmed:	Retrieving and parsing chunk 296500/306854
INFO:process_pubmed:	Retrieving and parsing chunk 297000/306854
INFO:process_pubmed:	Retrieving and parsing chunk 297500/306854
INFO:process_pubmed:	Retrieving and parsing chunk 298000/306854
INFO:process_pubmed:	Retrieving and parsing chunk 298500/306854
INFO:process_pubmed:	Retrieving and parsing chunk 299000/306854
INFO:process_pubmed:	Retrieving and parsing chunk 299500/306854
INFO:process_pubmed:	Retrieving and parsing chunk 300000/306854
INFO:process_pubmed:	Retrieving and parsing chunk 300500/306854
INFO:process_pubmed:	Retrieving and parsing chunk 301000/306854
INFO:process_pubmed:	Retrieving and parsing chunk 301500/306854
INFO:process_pubmed:	Retrieving and parsing chunk 302000/306854
INFO:process_pubmed:	Retrieving and parsing chunk 302500/306854
INFO:process_pubmed:	Retrieving and parsing chunk 303000/306854
INFO:process_pubmed:	Retrieving and parsing chunk 303500/306854
INFO:process_pubmed:	Retrieving and parsing chunk 304000/306854
INFO:process_pubmed:	Retrieving and parsing chunk 304500/306854
INFO:process_pubmed:	Retrieving and parsing chunk 305000/306854
INFO:process_pubmed:	Retrieving and parsing chunk 305500/306854
INFO:process_pubmed:	Retrieving and parsing chunk 306000/306854
INFO:process_pubmed:	Retrieving and parsing chunk 306500/306854
INFO:process_pubmed:[Process PubMed step] Task (Getting abstracts of articles associated to NCT raw info) ended -----------
INFO:process_pubmed:[Process PubMed step] Task (Generating input for prediction) started -----------
INFO:process_pubmed:[Process PubMed step] Task (Generating input for prediction) ended -----------
INFO:process_pubmed:----------- Process PubMed ended -----------
